#
# There is insufficient memory for the Java Runtime Environment to continue.
# Native memory allocation (mmap) failed to map 134217728 bytes. Error detail: G1 virtual space
# Possible reasons:
#   The system is out of physical RAM or swap space
#   This process is running with CompressedOops enabled, and the Java Heap may be blocking the growth of the native heap
# Possible solutions:
#   Reduce memory load on the system
#   Increase physical memory or swap space
#   Check if swap backing store is full
#   Decrease Java heap size (-Xmx/-Xms)
#   Decrease number of Java threads
#   Decrease Java thread stack sizes (-Xss)
#   Set larger code cache with -XX:ReservedCodeCacheSize=
#   JVM is running with Unscaled Compressed Oops mode in which the Java heap is
#     placed in the first 4GB address space. The Java Heap base address is the
#     maximum limit for the native heap growth. Please use -XX:HeapBaseMinAddress
#     to set the Java Heap base and to place the Java Heap above 4GB virtual address.
# This output file may be truncated or incomplete.
#
#  Out of Memory Error (os_windows.cpp:3554), pid=11652, tid=12024
#
# JRE version:  (25.0.1+8) (build )
# Java VM: Java HotSpot(TM) 64-Bit Server VM (25.0.1+8-LTS-27, mixed mode, sharing, tiered, compressed oops, compressed class ptrs, g1 gc, windows-amd64)
# No core dump will be written. Minidumps are not enabled by default on client versions of Windows
#

---------------  S U M M A R Y ------------

Command Line: -Dclassworlds.conf=C:\Users\juan\Downloads\apache-maven-3.9.11-bin\apache-maven-3.9.11\bin\m2.conf -Dmaven.home=C:\Users\juan\Downloads\apache-maven-3.9.11-bin\apache-maven-3.9.11 -Dlibrary.jansi.path=C:\Users\juan\Downloads\apache-maven-3.9.11-bin\apache-maven-3.9.11\lib\jansi-native -Dmaven.multiModuleProjectDirectory=C:\Users\juan\Downloads\lifeline org.codehaus.plexus.classworlds.launcher.Launcher clean

Host: Intel(R) Core(TM) i3-2377M CPU @ 1.50GHz, 4 cores, 7G,  Windows 10 , 64 bit Build 19041 (10.0.19041.3031)
Time: Fri Dec 12 17:50:31 2025 Hora estándar romance elapsed time: 0.045107 seconds (0d 0h 0m 0s)

---------------  T H R E A D  ---------------

Current thread (0x00000231befdd890):  JavaThread "Unknown thread" [_thread_in_vm, id=12024, stack(0x0000008ba3a00000,0x0000008ba3b00000) (1024K)]

Stack: [0x0000008ba3a00000,0x0000008ba3b00000]
Native frames: (J=compiled Java code, j=interpreted, Vv=VM code, C=native code)
V  [jvm.dll+0x7a6b59]  (no source info available)
V  [jvm.dll+0x77290d]  (no source info available)
V  [jvm.dll+0x966153]  (no source info available)
V  [jvm.dll+0x968751]  (no source info available)
V  [jvm.dll+0x968e53]  (no source info available)
V  [jvm.dll+0x2fc756]  (no source info available)
V  [jvm.dll+0x7a2d85]  (no source info available)
V  [jvm.dll+0x796197]  (no source info available)
V  [jvm.dll+0x3f4698]  (no source info available)
V  [jvm.dll+0x3fc5b6]  (no source info available)
V  [jvm.dll+0x3e8c8e]  (no source info available)
V  [jvm.dll+0x3e8f48]  (no source info available)
V  [jvm.dll+0x3c0045]  (no source info available)
V  [jvm.dll+0x3c0cce]  (no source info available)
V  [jvm.dll+0x92c837]  (no source info available)
V  [jvm.dll+0x458bc2]  (no source info available)
V  [jvm.dll+0x9101e2]  (no source info available)
V  [jvm.dll+0x4f9061]  (no source info available)
V  [jvm.dll+0x4fa8f1]  (no source info available)
C  [jli.dll+0x543e]  (no source info available)
C  [ucrtbase.dll+0x21bb2]  (no source info available)
C  [KERNEL32.DLL+0x17614]  (no source info available)
C  [ntdll.dll+0x526f1]  (no source info available)

Lock stack of current Java thread (top to bottom):


---------------  P R O C E S S  ---------------

Threads class SMR info:
_java_thread_list=0x00007ff9dba45308, length=0, elements={
}

Java Threads: ( => current thread )
Total: 0

Other Threads:
  0x00000231c1284540 WorkerThread "GC Thread#0"                     [id=236, stack(0x0000008ba3b00000,0x0000008ba3c00000) (1024K)]
  0x00000231c129e320 ConcurrentGCThread "G1 Main Marker"            [id=11812, stack(0x0000008ba3c00000,0x0000008ba3d00000) (1024K)]
  0x00000231c129f660 WorkerThread "G1 Conc#0"                       [id=11596, stack(0x0000008ba3d00000,0x0000008ba3e00000) (1024K)]

[error occurred during error reporting (printing all threads), id 0xc0000005, EXCEPTION_ACCESS_VIOLATION (0xc0000005) at pc=0x00007ff9db124c2a]
VM state: not at safepoint (not fully initialized)

VM Mutex/Monitor currently owned by a thread:  ([mutex/lock_event])
[0x00007ff9dbac9668] Heap_lock - owner thread: 0x00000231befdd890

Heap address: 0x0000000081800000, size: 2024 MB, Compressed Oops mode: 32-bit

CDS archive(s) mapped at: [0x0000000000000000-0x0000000000000000-0x0000000000000000), size 0, SharedBaseAddress: 0x0000000800000000, ArchiveRelocationMode: 1.
UseCompressedClassPointers 1, UseCompactObjectHeaders 0
Narrow klass pointer bits 32, Max shift 3
Narrow klass base: 0xffffffffffffffff, Narrow klass shift: -1
Encoding Range: [0xffffffffffffffff - 0x000000007fffffff), (2147483648 bytes)
Klass Range:    [0x0000000000000000 - 0x0000000000000000), (0 bytes)
Klass ID Range:  [4294967295 - 0) (1)
No protection zone.

GC Precious Log:
 CardTable entry size: 512
 Card Set container configuration: InlinePtr #cards 5 size 8 Array Of Cards #cards 10 size 36 Howl #buckets 4 coarsen threshold 1843 Howl Bitmap #cards 512 size 80 coarsen threshold 460 Card regions per heap region 1 cards per card region 2048

Heap:
 garbage-first heap   total reserved 2072576K, committed 0K, used 0K [0x0000000081800000, 0x0000000100000000)
  region size 1024K, 0 young (0K), 0 survivors (0K)

Heap Regions: E=young(eden), S=young(survivor), O=old, HS=humongous(starts), HC=humongous(continues), CS=collection set, F=free, TAMS=top-at-mark-start, PB=parsable bottom

Card table byte_map: [0x00000231d8eb0000,0x00000231d92b0000] _byte_map_base: 0x00000231d8aa4000

Marking Bits: (CMBitMap*) 0x00000231c1285ce0
 Bits: [0x00000231d92b0000, 0x00000231db250000)

GC Heap Usage History (0 events):
No events

Metaspace Usage History (0 events):
No events

Dll operation events (1 events):
Event: 0.021 Loaded shared library C:\Program Files\Java\jdk-25\bin\java.dll

Deoptimization events (0 events):
No events

Classes loaded (0 events):
No events

Classes unloaded (0 events):
No events

Classes redefined (0 events):
No events

Internal exceptions (0 events):
No events

VM Operations (0 events):
No events

Memory protections (0 events):
No events

Nmethod flushes (0 events):
No events

Events (0 events):
No events


Dynamic libraries:
0x00007ff7d9280000 - 0x00007ff7d9290000 	C:\Program Files\Java\jdk-25\bin\java.exe
0x00007ffa1f7d0000 - 0x00007ffa1f9c8000 	C:\Windows\SYSTEM32\ntdll.dll
0x00007ffa1ec10000 - 0x00007ffa1eccf000 	C:\Windows\System32\KERNEL32.DLL
0x00007ffa1d1d0000 - 0x00007ffa1d4c6000 	C:\Windows\System32\KERNELBASE.dll
0x00007ffa1d740000 - 0x00007ffa1d840000 	C:\Windows\System32\ucrtbase.dll
0x00007ffa08090000 - 0x00007ffa080ae000 	C:\Program Files\Java\jdk-25\bin\VCRUNTIME140.dll
0x00007ffa14b90000 - 0x00007ffa14ba7000 	C:\Program Files\Java\jdk-25\bin\jli.dll
0x00007ffa1f470000 - 0x00007ffa1f60d000 	C:\Windows\System32\USER32.dll
0x00007ffa0b540000 - 0x00007ffa0b7da000 	C:\Windows\WinSxS\amd64_microsoft.windows.common-controls_6595b64144ccf1df_6.0.19041.1110_none_60b5254171f9507e\COMCTL32.dll
0x00007ffa1d710000 - 0x00007ffa1d732000 	C:\Windows\System32\win32u.dll
0x00007ffa1e660000 - 0x00007ffa1e6fe000 	C:\Windows\System32\msvcrt.dll
0x00007ffa1ed80000 - 0x00007ffa1edac000 	C:\Windows\System32\GDI32.dll
0x00007ffa1d5f0000 - 0x00007ffa1d705000 	C:\Windows\System32\gdi32full.dll
0x00007ffa1d130000 - 0x00007ffa1d1cd000 	C:\Windows\System32\msvcp_win.dll
0x00007ffa1d870000 - 0x00007ffa1d8a0000 	C:\Windows\System32\IMM32.DLL
0x00007ffa0b7f0000 - 0x00007ffa0b7fc000 	C:\Program Files\Java\jdk-25\bin\vcruntime140_1.dll
0x00007ff9fee50000 - 0x00007ff9feedd000 	C:\Program Files\Java\jdk-25\bin\msvcp140.dll
0x00007ff9dad50000 - 0x00007ff9dbbaf000 	C:\Program Files\Java\jdk-25\bin\server\jvm.dll
0x00007ffa1eee0000 - 0x00007ffa1ef8f000 	C:\Windows\System32\ADVAPI32.dll
0x00007ffa1f610000 - 0x00007ffa1f6ac000 	C:\Windows\System32\sechost.dll
0x00007ffa1e700000 - 0x00007ffa1e826000 	C:\Windows\System32\RPCRT4.dll
0x00007ffa1e060000 - 0x00007ffa1e0cb000 	C:\Windows\System32\WS2_32.dll
0x00007ffa1cd60000 - 0x00007ffa1cdab000 	C:\Windows\SYSTEM32\POWRPROF.dll
0x00007ffa0cc50000 - 0x00007ffa0cc77000 	C:\Windows\SYSTEM32\WINMM.dll
0x00007ffa11d90000 - 0x00007ffa11d9a000 	C:\Windows\SYSTEM32\VERSION.dll
0x00007ffa1cd40000 - 0x00007ffa1cd52000 	C:\Windows\SYSTEM32\UMPDC.dll
0x00007ffa1ada0000 - 0x00007ffa1adb2000 	C:\Windows\SYSTEM32\kernel.appcore.dll
0x00007ffa04b70000 - 0x00007ffa04b7a000 	C:\Program Files\Java\jdk-25\bin\jimage.dll
0x00007ffa0b800000 - 0x00007ffa0b9e4000 	C:\Windows\SYSTEM32\DBGHELP.DLL
0x00007ffa0a480000 - 0x00007ffa0a4b4000 	C:\Windows\SYSTEM32\dbgcore.DLL
0x00007ffa1d050000 - 0x00007ffa1d0d2000 	C:\Windows\System32\bcryptPrimitives.dll
0x00007ffa059c0000 - 0x00007ffa059df000 	C:\Program Files\Java\jdk-25\bin\java.dll
0x00007ffa1edb0000 - 0x00007ffa1eeda000 	C:\Windows\System32\ole32.dll
0x00007ffa1f110000 - 0x00007ffa1f464000 	C:\Windows\System32\combase.dll
0x00007ffa1d8a0000 - 0x00007ffa1dfe4000 	C:\Windows\System32\SHELL32.dll

JVMTI agents: none

dbghelp: loaded successfully - version: 4.0.5 - missing functions: none
symbol engine: initialized successfully - sym options: 0x614 - pdb path: .;C:\Program Files\Java\jdk-25\bin;C:\Windows\SYSTEM32;C:\Windows\WinSxS\amd64_microsoft.windows.common-controls_6595b64144ccf1df_6.0.19041.1110_none_60b5254171f9507e;C:\Program Files\Java\jdk-25\bin\server

VM Arguments:
jvm_args: -Dclassworlds.conf=C:\Users\juan\Downloads\apache-maven-3.9.11-bin\apache-maven-3.9.11\bin\m2.conf -Dmaven.home=C:\Users\juan\Downloads\apache-maven-3.9.11-bin\apache-maven-3.9.11 -Dlibrary.jansi.path=C:\Users\juan\Downloads\apache-maven-3.9.11-bin\apache-maven-3.9.11\lib\jansi-native -Dmaven.multiModuleProjectDirectory=C:\Users\juan\Downloads\lifeline 
java_command: org.codehaus.plexus.classworlds.launcher.Launcher clean
java_class_path (initial): C:\Users\juan\Downloads\apache-maven-3.9.11-bin\apache-maven-3.9.11\boot\plexus-classworlds-2.9.0.jar
Launcher Type: SUN_STANDARD

[Global flags]
     intx CICompilerCount                          = 3                                         {product} {ergonomic}
     uint ConcGCThreads                            = 1                                         {product} {ergonomic}
     uint G1ConcRefinementThreads                  = 4                                         {product} {ergonomic}
   size_t G1HeapRegionSize                         = 1048576                                   {product} {ergonomic}
   size_t InitialHeapSize                          = 134217728                                 {product} {ergonomic}
   size_t MarkStackSize                            = 4194304                                   {product} {ergonomic}
   size_t MarkStackSizeMax                         = 536870912                                 {product} {ergonomic}
   size_t MaxHeapSize                              = 2122317824                                {product} {ergonomic}
   size_t MinHeapDeltaBytes                        = 1048576                                   {product} {ergonomic}
   size_t MinHeapSize                              = 8388608                                   {product} {ergonomic}
    uintx NonNMethodCodeHeapSize                   = 5832704                                {pd product} {ergonomic}
    uintx NonProfiledCodeHeapSize                  = 122945536                              {pd product} {ergonomic}
    uintx ProfiledCodeHeapSize                     = 122880000                              {pd product} {ergonomic}
    uintx ReservedCodeCacheSize                    = 251658240                              {pd product} {ergonomic}
     bool SegmentedCodeCache                       = true                                      {product} {ergonomic}
   size_t SoftMaxHeapSize                          = 2122317824                             {manageable} {ergonomic}
     bool UseCompressedOops                        = true                           {product lp64_product} {ergonomic}
     bool UseG1GC                                  = true                                      {product} {ergonomic}
     bool UseLargePagesIndividualAllocation        = false                                  {pd product} {ergonomic}

Logging:
Log output configuration:
 #0: stdout all=warning uptime,level,tags foldmultilines=false
 #1: stderr all=off uptime,level,tags foldmultilines=false

Release file:
<release file has not been read>
Environment Variables:
PATH=C:\Program Files\Common Files\Oracle\Java\javapath;C:\Program Files (x86)\Common Files\Oracle\Java\java8path;C:\Program Files (x86)\Common Files\Oracle\Java\javapath;C:\Windows\system32;C:\Windows;C:\Windows\System32\Wbem;C:\Windows\System32\WindowsPowerShell\v1.0\;C:\Windows\System32\OpenSSH\;C:\Program Files\nodejs\;C:\Program Files\MongoDB\Server\6.0\bin;C:\Users\juan\Downloads\descara_flutter\flutter;C:\Windows\system32\config\systemprofile\dev\flutter\bin;D:\Java\jdk-25;%MAVEN_HOME%\bin;C:\Program Files (x86)\MySQL\MySQL Utilities 1.6\;C:\Users\juan\AppData\Local\Programs\Eclipse Adoptium\jdk-17.0.16.8-hotspot\bin;C:\Users\juan\AppData\Local\Microsoft\WindowsApps;C:\Users\juan\AppData\Local\Programs\Microsoft VS Code\bin;C:\Users\juan\AppData\Roaming\npm;C:\Program Files\MongoDB\Server\6.0\bin;C:\Users\juan\Downloads\descara_flutter\flutter;C:\Users\juan\dev\flutter\bin;D:\Java\jdk-25;C:\Users\juan\Downloads\apache-maven-3.9.11-bin\apache-maven-3.9.11\bin;
USERNAME=juan
OS=Windows_NT
PROCESSOR_IDENTIFIER=Intel64 Family 6 Model 42 Stepping 7, GenuineIntel
TMP=C:\Users\juan\AppData\Local\Temp
TEMP=C:\Users\juan\AppData\Local\Temp




Compilation memory statistics disabled.

Periodic native trim disabled

---------------  S Y S T E M  ---------------

OS:
 Windows 10 , 64 bit Build 19041 (10.0.19041.3031)
OS uptime: 0 days 0:36 hours

CPU: total 4 (initial active 4) (2 cores per cpu, 2 threads per core) family 6 model 42 stepping 7 microcode 0x2f, cx8, cmov, fxsr, ht, mmx, sse, sse2, sse3, ssse3, sse4.1, sse4.2, popcnt, tsc, tscinvbit, avx, clmul, vzeroupper, clflush, rdtscp
Processor Information for the first 4 processors :
  Max Mhz: 1500, Current Mhz: 1500, Mhz Limit: 1500

Memory: 4k page, system-wide physical 8088M (1208M free)
TotalPageFile size 8467M (AvailPageFile size 70M)
current process WorkingSet (physical memory assigned to process): 11M, peak: 11M
current process commit charge ("private bytes"): 52M, peak: 180M

vm_info: Java HotSpot(TM) 64-Bit Server VM (25.0.1+8-LTS-27) for windows-amd64 JRE (25.0.1+8-LTS-27), built on 2025-09-25T16:41:16Z with unknown MS VC++:1943

END.
